/usr/lib/python2.7/dist-packages/h5py/__init__.py:36: FutureWarning: Conversion of the second argument of issubdtype from `float` to `np.floating` is deprecated. In future, it will be treated as `np.float64 == np.dtype(float).type`.
  from ._conv import register_converters as _register_converters
Discarded 6 diffused primitive functions, 0 contracted functions
#INFO: **** input file is /home/j1k/repositories/qmcpack_workshop_2019/day2_nexus/pyscf/04_pyscf_diamond_dft_qmc/pyscf_check/diamond_anouar.py ****
#!/usr/bin/env python

'''
Gamma point post-HF calculation needs only real integrals.
Methods implemented in finite-size system can be directly used here without
any modification.
'''

import numpy as np
from pyscf import lib
from pyscf.pbc import gto, scf, dft
from pyscf import gto as Mgto
from pyscf.pbc import df 
from pyscf.pbc import ao2mo
from pyscf.pbc import tools
from pyscf.pbc.tools.pbc import super_cell
from functools import reduce
import scipy.linalg as la
import os

restart = False


### generated system text ###
from numpy import array
from pyscf.pbc import gto as gto_loc
cell = gto_loc.Cell()
cell.a             = '''
                     3.37316115   3.37316115    0.000000
                     0.000000   3.37316115   3.37316115
                     3.37316115   0.000000   3.37316115
                     '''
cell.dimension     = 3
cell.basis         = 'bfd-vdz'
cell.ecp           = 'bfd'
cell.unit          = 'B'
cell.atom          = '''
                     C     0.000000   0.00000000   0.00000000
                     C    1.68658058   1.68658058   1.68658058
                     '''
cell.drop_exponent = 0.1
cell.verbose       = 5
cell.charge        = 0
cell.spin          = 0
cell.build()


### end generated system text ###

sp_twist=[0.0, 0.0, 0.0]

kpts = [[ 0.0,  0.0, 0.0],
 [0.46567485,  0.46567485, -0.46567485]]

supcell=cell
mydf = df.FFTDF(supcell,kpts)
#mydf = df.GDF(supcell,kpts)
mydf.auxbasis = 'weigend'
mf = scf.KRHF(supcell,kpts).density_fit()
#mf.tol           = 1e-10 

mf.exxdiv = 'ewald'
mf.with_df = mydf
e_scf=mf.kernel()                      # new

ener = open('e_scf','w')
ener.write('%s\n' % (e_scf))
print('e_scf',e_scf)
ener.close()
#INFO: ******************** input file end ********************


System: ('Linux', 'viribus', '4.15.0-48-generic', '#51-Ubuntu SMP Wed Apr 3 08:28:49 UTC 2019', 'x86_64', 'x86_64')  Threads 12
Python 2.7.15rc1 (default, Nov 12 2018, 14:31:15) 
[GCC 7.3.0]
numpy 1.15.4  scipy 0.19.1
Date: Thu May  9 12:46:14 2019
PySCF version 1.5.4
PySCF path  /home/j1k/repositories/pyscf/pyscf
GIT HEAD      ref: refs/heads/master
GIT master branch  b10d0ee541f783312ac791d36702ff7a4bc1c637

[CONFIG] conf_file None
[INPUT] verbose = 5
[INPUT] max_memory = 4000 
[INPUT] num. atoms = 2
[INPUT] num. electrons = 8
[INPUT] charge = 0
[INPUT] spin (= nelec alpha-beta = 2S) = 0
[INPUT] symmetry False subgroup None
[INPUT] Mole.unit = B
[INPUT]  1 C      0.000000000000   0.000000000000   0.000000000000 AA    0.000000000000   0.000000000000   0.000000000000 Bohr
[INPUT]  2 C      0.892500007316   0.892500007316   0.892500007316 AA    1.686580580000   1.686580580000   1.686580580000 Bohr
[INPUT] ---------------- BASIS SET ---------------- 
[INPUT] l, kappa, [nprim/nctr], expnt,             c_1 c_2 ...
[INPUT] C
[INPUT] 0    0    [8    /1   ]  13.073594         -0.000705
                                6.541187          0.015176
                                3.272791          -0.121499
                                1.637494          -0.033512
                                0.819297          0.180113
                                0.409924          0.380369
                                0.2051            0.397529
                                0.102619          0.169852
[INPUT] 0    0    [1    /1   ]  0.127852             1
[INPUT] 1    0    [7    /1   ]  7.480076          0.021931
                                3.741035          0.054425
                                1.871016          0.112024
                                0.935757          0.210979
                                0.468003          0.289868
                                0.234064          0.302667
                                0.117063          0.191634
[INPUT] 1    0    [1    /1   ]  0.149161             1
[INPUT] 2    0    [1    /1   ]  0.561161             1

Ewald components = 1.76043195084572e-15, -36.7282243593125, 23.9525571243294
nuclear repulsion = -12.7756672349831
number of shells = 10
number of NR pGTOs = 76
number of NR cGTOs = 26
basis = bfd-vdz
ecp = bfd
CPU time:         0.77
lattice vectors  a1 [3.373161150, 3.373161150, 0.000000000]
                 a2 [0.000000000, 3.373161150, 3.373161150]
                 a3 [3.373161150, 0.000000000, 3.373161150]
dimension = 3
Cell volume = 76.7611
exp_to_discard = 0.1
rcut = 19.243077142883383 (nimgs = [5 5 5])
lattice sum = 911 cells
precision = 1e-08
pseudo = None
ke_cutoff = 210.04046196104096
    = [26 26 26] mesh (17576 PWs)
ew_eta = 2.01651
ew_cut = 3.4228673672384344 (nimgs = [1 1 1])


******** <class 'pyscf.pbc.scf.khf.KRHF'> flags ********
method = KRHF-KSCF-SCF
initial guess = minao
damping factor = 0
level shift factor = 0
DIIS = <class 'pyscf.scf.diis.CDIIS'>
DIIS start cycle = 1
DIIS space = 8
SCF tol = 1e-07
SCF gradient tol = None
max. SCF cycles = 50
direct_scf = False
chkfile to save SCF result = /home/j1k/repositories/qmcpack_workshop_2019/day2_nexus/pyscf/04_pyscf_diamond_dft_qmc/pyscf_check/tmpM1_mR3
max_memory 4000 MB (current use 63 MB)


******** PBC SCF flags ********
N kpts = 2
kpts = [[0.0, 0.0, 0.0], [0.46567485, 0.46567485, -0.46567485]]
Exchange divergence treatment (exxdiv) = ewald
Ewald components = 2.38405713413658e-42, -1.14020834016724, 0.905546164474779
    madelung (= occupied orbital energy shift) = 0.4693243513849312
    Total energy shift due to Ewald probe charge = -1/2 * Nelec*madelung/cell.vol = -1.87729740554
DF object = <pyscf.pbc.df.fft.FFTDF object at 0x7f4e6630aed0>


******** <class 'pyscf.pbc.df.fft.FFTDF'> flags ********
mesh = [26 26 26] (17576 PWs)
len(kpts) = 2
<class 'pyscf.pbc.df.fft.FFTDF'> does not have attributes  auxbasis
Set gradient conv threshold to 0.000316228
cond(S) = [ 62153.80201948 147620.96734676]
Ewald components = 2.38405713413658e-42, -1.14020834016724, 0.905546164474779
    CPU time for vj and vk     35.83 sec, wall time      4.02 sec
E1 = (3.753915671797455+2.9193944740913067e-23j)  E_coul = (-6.821537463992935-7.696433386669036e-16j)
Ewald components = 1.76043195084572e-15, -36.7282243593125, 23.9525571243294
init E= -15.8432890271786
    CPU time for initialize scf    209.18 sec, wall time     18.65 sec
HOMO = 0.60599204261  LUMO = 0.795727190028
     k-point                  mo_energy
   0 ( 0.000  0.000  0.000)   [-2.20368494  0.55106647  0.60595022  0.60599204] [0.79572719 0.87449048 0.874531   1.0784068  1.58066066 1.77502171
 1.77502171 2.14365047 2.16276293 2.16286844 2.64433287 2.6495796
 2.649773   3.41213275 3.61032445 3.61041998 3.61215966 3.65261211
 3.65261211 4.7173212  4.71899241 4.71900965]
   1 ( 0.500 -0.000 -0.000)   [-1.03673355 -0.69000511  0.45556211  0.45559807] [ 0.92340364  1.00832705  1.00836524  1.32288741  1.6138294   1.71956889
  1.82501666  1.82509732  2.09546406  2.09547098  2.9234792   3.06773865
  3.06793135  3.08967328  3.0897393   3.16048527  3.75445058  3.75454189
  3.78470051  3.78470471  4.04476385 10.79522883]
Ewald components = 2.38405713413658e-42, -1.14020834016724, 0.905546164474779
    CPU time for vj and vk     16.82 sec, wall time      1.42 sec
E1 = (4.423615632934104+3.3184159730154665e-23j)  E_coul = (-2.2400448746611583-6.597450890351417e-16j)
Ewald components = 1.76043195084572e-15, -36.7282243593125, 23.9525571243294
cycle= 1 E= -10.5920964767102  delta_E= 5.25  |g|= 0.282  |ddm|= 5.56
    CPU time for cycle= 1     16.88 sec, wall time      1.43 sec
HOMO = 0.352851710335  LUMO = 1.00748387817
     k-point                  mo_energy
   0 ( 0.000  0.000  0.000)   [-0.65683973  0.27660136  0.2766469   0.35285171] [1.00748388 1.02756639 1.02760364 1.33389344 1.64389109 1.81909276
 1.81909463 2.21877151 2.22688542 2.22699499 2.70734286 2.70754649
 2.71363236 3.42644144 3.63034985 3.63592443 3.63601644 3.69809577
 3.69809635 4.75435709 4.75946362 4.75947937]
   1 ( 0.500 -0.000 -0.000)   [-0.3759848  -0.26168817  0.16152911  0.16156901] [ 1.13579788  1.16070557  1.16073905  1.39933464  1.69688421  1.79826252
  1.86950636  1.86959056  2.12764156  2.12764774  2.9783859   3.12376499
  3.1238331   3.1347323   3.13492544  3.18855038  3.79176016  3.79185288
  3.81435138  3.81435728  4.08296132 10.91178113]
Ewald components = 2.38405713413658e-42, -1.14020834016724, 0.905546164474779
    CPU time for vj and vk     16.90 sec, wall time      1.42 sec
E1 = (4.405508229019603+3.456063996823119e-23j)  E_coul = (-2.232743738002189-6.673952570909119e-16j)
Ewald components = 1.76043195084572e-15, -36.7282243593125, 23.9525571243294
cycle= 2 E= -10.6029027439657  delta_E= -0.0108  |g|= 0.0628  |ddm|=  1.4
    CPU time for cycle= 2     17.00 sec, wall time      1.43 sec
HOMO = 0.344670671492  LUMO = 1.01404801075
     k-point                  mo_energy
   0 ( 0.000  0.000  0.000)   [-0.65354876  0.2785266   0.27857213  0.34467067] [1.01404801 1.03388829 1.03392536 1.34183356 1.64366833 1.82118979
 1.82119183 2.22222588 2.22936806 2.2294782  2.71032704 2.71053182
 2.71508297 3.42377205 3.63147927 3.63665339 3.63674537 3.70118159
 3.70118206 4.75735657 4.76186702 4.76188255]
   1 ( 0.500 -0.000 -0.000)   [-0.37445852 -0.26338935  0.16523529  0.16527532] [ 1.13888997  1.16488797  1.16492101  1.40137457  1.6992942   1.80021598
  1.87175222  1.87183698  2.12770438  2.12771062  2.98078096  3.12634451
  3.12641261  3.13904185  3.13923539  3.19042026  3.79444669  3.7945392
  3.81535678  3.81536289  4.08509392 10.91692145]
Ewald components = 2.38405713413658e-42, -1.14020834016724, 0.905546164474779
    CPU time for vj and vk     16.84 sec, wall time      1.42 sec
E1 = (4.404195363203804+3.468342459040703e-23j)  E_coul = (-2.2320505618507283-6.616116943602541e-16j)
Ewald components = 1.76043195084572e-15, -36.7282243593125, 23.9525571243294
cycle= 3 E= -10.6035224336301  delta_E= -0.00062  |g|= 0.00368  |ddm|= 0.24
    CPU time for cycle= 3     16.98 sec, wall time      1.42 sec
HOMO = 0.344765587719  LUMO = 1.01374529236
     k-point                  mo_energy
   0 ( 0.000  0.000  0.000)   [-0.65362553  0.2781679   0.27821346  0.34476559] [1.01374529 1.03368464 1.03372175 1.34117585 1.64377665 1.82102514
 1.82102717 2.22195412 2.2292266  2.22933673 2.70991547 2.71012015
 2.71478155 3.42385935 3.63145046 3.63650256 3.63659449 3.7010282
 3.7010287  4.75719559 4.76167202 4.76168754]
   1 ( 0.500 -0.000 -0.000)   [-0.37462679 -0.26297384  0.16501535  0.16505541] [ 1.13844804  1.16460511  1.16463817  1.40137384  1.69877824  1.80003597
  1.87151397  1.87159874  2.12781222  2.12781841  2.98072377  3.12606869
  3.12613668  3.13861357  3.13880718  3.19016083  3.79417989  3.79427238
  3.81517723  3.81518335  4.0848571  10.91579987]
Ewald components = 2.38405713413658e-42, -1.14020834016724, 0.905546164474779
    CPU time for vj and vk     17.11 sec, wall time      1.44 sec
E1 = (4.404281190159995+3.727482635317081e-23j)  E_coul = (-2.2321386196857764-6.525831956452017e-16j)
Ewald components = 1.76043195084572e-15, -36.7282243593125, 23.9525571243294
cycle= 4 E= -10.6035246645089  delta_E= -2.23e-06  |g|= 0.000582  |ddm|= 0.0479
    CPU time for cycle= 4     17.31 sec, wall time      1.46 sec
HOMO = 0.344767358496  LUMO = 1.01376457342
     k-point                  mo_energy
   0 ( 0.000  0.000  0.000)   [-0.6536382   0.27818453  0.27823008  0.34476736] [1.01376457 1.03371866 1.03375576 1.34118209 1.64378111 1.82104004
 1.82104208 2.22198902 2.22924496 2.2293551  2.7099467  2.71015137
 2.71480966 3.42384214 3.63145942 3.6365134  3.63660533 3.70105133
 3.70105184 4.75722072 4.76169137 4.76170689]
   1 ( 0.500 -0.000 -0.000)   [-0.3746209  -0.26300954  0.16502582  0.16506587] [ 1.13843094  1.16463665  1.16466972  1.40138897  1.69881704  1.80003748
  1.87153036  1.87161513  2.12782372  2.12782991  2.98077312  3.12608722
  3.12615525  3.13865197  3.13884552  3.1901852   3.79420544  3.79429793
  3.815185    3.81519111  4.08486967 10.91584966]
Ewald components = 2.38405713413658e-42, -1.14020834016724, 0.905546164474779
    CPU time for vj and vk     16.73 sec, wall time      1.41 sec
E1 = (4.404249576904098+3.298382692555198e-23j)  E_coul = (-2.232107082199595-6.418974533683494e-16j)
Ewald components = 1.76043195084572e-15, -36.7282243593125, 23.9525571243294
cycle= 5 E= -10.6035247402786  delta_E= -7.58e-08  |g|= 9.06e-05  |ddm|= 0.00541
    CPU time for cycle= 5     16.79 sec, wall time      1.42 sec
HOMO = 0.344776977856  LUMO = 1.01376241307
     k-point                  mo_energy
   0 ( 0.000  0.000  0.000)   [-0.65363589  0.27818302  0.27822856  0.34477698] [1.01376241 1.03371782 1.03375492 1.34117454 1.64378108 1.82103907
 1.8210411  2.22198439 2.22924443 2.22935457 2.70994523 2.7101499
 2.71480937 3.42384353 3.63145934 3.63651265 3.63660458 3.70105016
 3.70105067 4.75721956 4.76169011 4.76170563]
   1 ( 0.500 -0.000 -0.000)   [-0.37461786 -0.26299292  0.16502674  0.16506679] [ 1.13842218  1.16463301  1.16466607  1.40138505  1.69881003  1.80003592
  1.87153026  1.87161504  2.12782734  2.12783353  2.98077735  3.12608359
  3.12615158  3.13864899  3.13884257  3.19018134  3.79420368  3.79429617
  3.81518306  3.81518918  4.0848664  10.91584661]
Ewald components = 2.38405713413658e-42, -1.14020834016724, 0.905546164474779
    CPU time for vj and vk     16.48 sec, wall time      1.39 sec
E1 = (4.404246878492867+3.1827066537684854e-23j)  E_coul = (-2.2321043852182267-6.49928537944739e-16j)
Ewald components = 1.76043195084572e-15, -36.7282243593125, 23.9525571243294
Extra cycle  E= -10.6035247417085  delta_E= -1.43e-09  |g|= 2.91e-05  |ddm|= 0.000541
    CPU time for scf_cycle    310.76 sec, wall time     27.21 sec
    CPU time for SCF    310.84 sec, wall time     27.21 sec
converged SCF energy = -10.6035247417085
('e_scf', -10.603524741708506)
