Applying user settings 

Project starting 
  checking for file collisions 
  loading cascade images 
    cascade 0 checking in 
  checking cascade dependencies 
    all simulation dependencies satisfied 
  
  starting runs:
  ~~~~~~~~~~~~~~~~~~~~~~~~~~~~~~ 
  elapsed time 0.0 s  memory 102.26 MB 
    Entering ./runs/H2O/hf 0 
      writing input files  0 scf 
    Entering ./runs/H2O/hf 0 
      sending required files  0 scf 
      submitting job  0 scf 
    Entering ./runs/H2O/hf 0 
      Executing:  
        export OMP_NUM_THREADS=1
        python scf.py 

  elapsed time 3.0 s  memory 102.29 MB 
    Entering ./runs/H2O/hf 0 
      copying results  0 scf 
    Entering ./runs/H2O/hf 0 
      analyzing  0 scf 

  elapsed time 6.1 s  memory 102.29 MB 
    Entering ./runs/H2O/hf 1 
      writing input files  1 c4q 
    Entering ./runs/H2O/hf 1 
      sending required files  1 c4q 
      submitting job  1 c4q 
    Entering ./runs/H2O/hf 1 
      Executing:  
        export OMP_NUM_THREADS=1
        mpirun -np 1 convert4qmc -pyscf scf.h5 -prefix c4q -hdf5 -nojastrow 

  elapsed time 9.1 s  memory 102.30 MB 
    Entering ./runs/H2O/hf 1 
      copying results  1 c4q 
    Entering ./runs/H2O/hf 1 
      analyzing  1 c4q 

  elapsed time 12.1 s  memory 102.31 MB 
    Entering ./runs/H2O/cuspcorr 2 
      writing input files  2 cusp 
    Entering ./runs/H2O/cuspcorr 2 
      sending required files  2 cusp 
      submitting job  2 cusp 
    Entering ./runs/H2O/cuspcorr 2 
      Executing:  
        export OMP_NUM_THREADS=16
        mpirun -np 1 qmcpack cusp.in.xml 

  elapsed time 15.2 s  memory 102.50 MB 
    Entering ./runs/H2O/cuspcorr 2 
      copying results  2 cusp 
    Entering ./runs/H2O/cuspcorr 2 
      analyzing  2 cusp 

Project finished
 
